build/app/intermediates/manifest_merge_blame_file/release/manifest-merger-blame-release-report.txt
1<?xml version="1.0" encoding="utf-8"?>
2<manifest xmlns:android="http://schemas.android.com/apk/res/android"
3    package="com.example.clock4"
4    android:versionCode="4001"
5    android:versionName="1.0.0" >
6
7    <uses-sdk
8        android:minSdkVersion="16"
8-->src/main/AndroidManifest.xml
9        android:targetSdkVersion="28" />
9-->src/main/AndroidManifest.xml
10    <!--
11         io.flutter.app.FlutterApplication is an android.app.Application that
12         calls FlutterMain.startInitialization(this); in its onCreate method.
13         In most cases you can leave this as-is, but you if you want to provide
14         additional functionality it is fine to subclass or reimplement
15         FlutterApplication and put your custom class here.
16    -->
17    <uses-permission android:name="android.permission.RECEIVE_BOOT_COMPLETED" />
17-->src/main/AndroidManifest.xml:8:5-80
17-->src/main/AndroidManifest.xml:8:22-78
18    <uses-permission android:name="android.permission.VIBRATE" />
18-->src/main/AndroidManifest.xml:9:5-66
18-->src/main/AndroidManifest.xml:9:22-63
19
20    <application
20-->src/main/AndroidManifest.xml:11:5-56:19
21        android:name="io.flutter.app.FlutterApplication"
21-->src/main/AndroidManifest.xml:12:9-57
22        android:appComponentFactory="androidx.core.app.CoreComponentFactory"
22-->[androidx.core:core:1.2.0] AndroidManifest.xml:24:18-86
23        android:icon="@mipmap/ic_launcher"
23-->src/main/AndroidManifest.xml:14:9-43
24        android:label="clock4" >
24-->src/main/AndroidManifest.xml:13:9-31
25        <activity
25-->src/main/AndroidManifest.xml:15:9-43:20
26            android:name="com.example.clock4.MainActivity"
26-->src/main/AndroidManifest.xml:16:13-41
27            android:configChanges="orientation|keyboardHidden|keyboard|screenSize|smallestScreenSize|locale|layoutDirection|fontScale|screenLayout|density|uiMode"
27-->src/main/AndroidManifest.xml:19:13-163
28            android:hardwareAccelerated="true"
28-->src/main/AndroidManifest.xml:20:13-47
29            android:launchMode="singleTop"
29-->src/main/AndroidManifest.xml:17:13-43
30            android:theme="@style/LaunchTheme"
30-->src/main/AndroidManifest.xml:18:13-47
31            android:windowSoftInputMode="adjustResize" >
31-->src/main/AndroidManifest.xml:21:13-55
32
33            <!--
34                 Specifies an Android theme to apply to this Activity as soon as
35                 the Android process has started. This theme is visible to the user
36                 while the Flutter UI initializes. After that, this theme continues
37                 to determine the Window background behind the Flutter UI.
38            -->
39            <meta-data
39-->src/main/AndroidManifest.xml:26:13-29:17
40                android:name="io.flutter.embedding.android.NormalTheme"
40-->src/main/AndroidManifest.xml:27:15-70
41                android:resource="@style/NormalTheme" />
41-->src/main/AndroidManifest.xml:28:15-52
42            <!--
43                 Displays an Android View that continues showing the launch screen
44                 Drawable until Flutter paints its first frame, then this splash
45                 screen fades out. A splash screen is useful to avoid any visual
46                 gap between the end of Android's launch screen and the painting of
47                 Flutter's first frame.
48            -->
49            <meta-data
49-->src/main/AndroidManifest.xml:35:13-38:17
50                android:name="io.flutter.embedding.android.SplashScreenDrawable"
50-->src/main/AndroidManifest.xml:36:15-79
51                android:resource="@drawable/launch_background" />
51-->src/main/AndroidManifest.xml:37:15-61
52
53            <intent-filter>
53-->src/main/AndroidManifest.xml:39:13-42:29
54                <action android:name="android.intent.action.MAIN" />
54-->src/main/AndroidManifest.xml:40:17-68
54-->src/main/AndroidManifest.xml:40:25-66
55
56                <category android:name="android.intent.category.LAUNCHER" />
56-->src/main/AndroidManifest.xml:41:17-76
56-->src/main/AndroidManifest.xml:41:27-74
57            </intent-filter>
58        </activity>
59
60        <receiver android:name="com.dexterous.flutterlocalnotifications.ScheduledNotificationBootReceiver" >
60-->src/main/AndroidManifest.xml:44:9-49:20
60-->src/main/AndroidManifest.xml:44:19-107
61            <intent-filter>
61-->src/main/AndroidManifest.xml:45:13-48:29
62                <action android:name="android.intent.action.BOOT_COMPLETED" />
62-->src/main/AndroidManifest.xml:46:17-78
62-->src/main/AndroidManifest.xml:46:25-76
63                <action android:name="android.intent.action.MY_PACKAGE_REPLACED" />
63-->src/main/AndroidManifest.xml:47:17-83
63-->src/main/AndroidManifest.xml:47:25-81
64            </intent-filter>
65        </receiver>
66        <receiver android:name="com.dexterous.flutterlocalnotifications.ScheduledNotificationReceiver" />
66-->src/main/AndroidManifest.xml:50:9-106
66-->src/main/AndroidManifest.xml:50:19-103
67        <!--
68             Don't delete the meta-data below.
69             This is used by the Flutter tool to generate GeneratedPluginRegistrant.java
70        -->
71        <meta-data
71-->src/main/AndroidManifest.xml:53:9-55:33
72            android:name="flutterEmbedding"
72-->src/main/AndroidManifest.xml:54:13-44
73            android:value="2" />
73-->src/main/AndroidManifest.xml:55:13-30
74    </application>
75
76</manifest>